2023-06-11 16:22:43 PM - INFO - welcome
2023-06-11 16:22:53 PM - INFO - open login
2023-06-11 16:22:53 PM - INFO - open login
2023-06-11 16:26:20 PM - INFO - welcome
2023-06-11 16:26:30 PM - INFO - LinkedIn: Log In or Sign Up
2023-06-11 16:26:30 PM - INFO - LinkedIn: Log In or Sign Up
2023-06-11 16:33:11 PM - INFO - welcome
2023-06-11 16:33:21 PM - INFO - LinkedIn: Log In or Sign Up
2023-06-11 16:33:21 PM - INFO - LinkedIn: Log In or Sign Up
2023-06-11 17:03:02 PM - INFO - welcome
2023-06-11 17:03:12 PM - INFO - LinkedIn: Log In or Sign Up
2023-06-11 19:43:29 PM - INFO - welcome
2023-06-11 19:43:39 PM - INFO - LinkedIn: Log In or Sign Up
2023-06-11 19:45:45 PM - INFO - welcome
2023-06-11 19:54:15 PM - INFO - welcome
2023-06-11 19:54:25 PM - INFO - Sign In | LinkedIn
2023-06-11 19:58:40 PM - INFO - welcome
2023-06-11 19:58:50 PM - INFO - LinkedIn: Log In or Sign Up
2023-06-11 19:59:22 PM - INFO - welcome
2023-06-11 19:59:32 PM - INFO - 
2023-06-11 20:00:07 PM - INFO - welcome
2023-06-11 20:00:17 PM - INFO - 
2023-06-11 20:01:25 PM - INFO - welcome
2023-06-11 20:01:35 PM - INFO - 
2023-06-11 20:02:29 PM - INFO - welcome
2023-06-11 20:02:39 PM - INFO - Sign In | LinkedIn
2023-06-11 20:06:36 PM - INFO - welcome
2023-06-11 20:06:46 PM - INFO - LinkedIn: Log In or Sign Up
2023-06-11 20:07:25 PM - INFO - welcome
2023-06-11 20:07:35 PM - INFO - 
2023-06-11 20:08:59 PM - INFO - welcome
2023-06-11 20:09:09 PM - INFO - 
2023-06-11 20:09:56 PM - INFO - welcome
2023-06-11 20:10:27 PM - INFO - welcome
2023-06-11 20:10:37 PM - INFO - LinkedIn: Log In or Sign Up
2023-06-11 20:11:51 PM - INFO - welcome
2023-06-11 20:12:01 PM - INFO - 
2023-06-11 20:13:52 PM - INFO - welcome
2023-06-11 20:14:02 PM - INFO - Sign In | LinkedIn
2023-06-11 20:18:29 PM - INFO - welcome
2023-06-11 20:18:39 PM - INFO - LinkedIn: Log In or Sign Up
2023-06-11 20:19:16 PM - INFO - welcome
2023-06-11 20:19:26 PM - INFO - LinkedIn: Log In or Sign Up
2023-06-11 20:37:23 PM - INFO - welcome
2023-06-11 20:37:33 PM - INFO - LinkedIn: Log In or Sign Up
2023-06-11 20:39:49 PM - INFO - welcome
2023-06-11 20:39:59 PM - INFO - LinkedIn: Log In or Sign Up
2023-06-11 20:44:03 PM - INFO - welcome
2023-06-11 20:44:13 PM - INFO - Sign In | LinkedIn
2023-06-11 20:46:12 PM - INFO - welcome
2023-06-11 20:46:22 PM - INFO - 
2023-06-11 20:47:37 PM - INFO - welcome
2023-06-11 20:47:47 PM - INFO - LinkedIn: Log In or Sign Up
2023-06-11 20:49:59 PM - INFO - welcome
2023-06-11 20:50:09 PM - INFO - LinkedIn: Log In or Sign Up
2023-06-11 20:53:18 PM - INFO - welcome
2023-06-11 20:53:28 PM - INFO - 
2023-06-11 20:54:33 PM - INFO - welcome
2023-06-11 20:54:43 PM - INFO - LinkedIn: Log In or Sign Up
2023-06-11 21:23:44 PM - INFO - welcome
2023-06-11 21:23:54 PM - INFO - 
2023-06-11 21:25:03 PM - INFO - welcome
2023-06-11 21:25:13 PM - INFO - LinkedIn: Log In or Sign Up
2023-06-11 21:27:33 PM - INFO - welcome
2023-06-11 21:27:43 PM - INFO - 
2023-06-11 21:33:31 PM - INFO - welcome
2023-06-11 21:33:43 PM - INFO - 
2023-06-11 21:41:36 PM - INFO - welcome
2023-06-11 21:41:46 PM - INFO - 
2023-06-11 21:43:15 PM - INFO - welcome
2023-06-11 21:43:25 PM - INFO - LinkedIn: Log In or Sign Up
2023-06-11 21:48:24 PM - INFO - welcome
2023-06-11 21:48:34 PM - INFO - 
2023-06-11 22:18:20 PM - INFO - welcome
2023-06-11 22:18:30 PM - INFO - LinkedIn: Log In or Sign Up
2023-06-11 22:19:11 PM - INFO - welcome
2023-06-11 22:19:21 PM - INFO - LinkedIn: Log In or Sign Up
2023-06-11 22:27:02 PM - INFO - welcome
2023-06-11 22:27:12 PM - INFO - 
2023-06-11 22:30:25 PM - INFO - welcome
2023-06-11 22:30:35 PM - INFO - Sign In | LinkedIn
2023-06-11 22:31:07 PM - INFO - welcome
2023-06-11 22:31:17 PM - INFO - 
2023-06-11 22:31:51 PM - INFO - welcome
2023-06-11 22:32:01 PM - INFO - 
2023-06-11 22:32:31 PM - INFO - welcome
2023-06-11 22:32:41 PM - INFO - 
2023-06-11 22:33:57 PM - INFO - welcome
2023-06-11 22:34:07 PM - INFO - LinkedIn: Log In or Sign Up
2023-06-11 22:34:41 PM - INFO - welcome
2023-06-11 22:34:51 PM - INFO - LinkedIn: Log In or Sign Up
2023-06-11 22:36:20 PM - INFO - welcome
2023-06-11 22:36:30 PM - INFO - 
2023-06-11 22:37:02 PM - INFO - welcome
2023-06-11 22:37:12 PM - INFO - LinkedIn: Log In or Sign Up
2023-06-11 22:38:05 PM - INFO - welcome
2023-06-11 22:38:15 PM - INFO - LinkedIn: Log In or Sign Up
2023-06-11 22:41:44 PM - INFO - welcome
2023-06-11 22:41:44 PM - INFO - 
2023-06-11 22:42:13 PM - INFO - welcome
2023-06-11 22:42:13 PM - INFO - 
2023-06-11 22:43:12 PM - INFO - welcome
2023-06-11 22:43:17 PM - INFO - LinkedIn: Log In or Sign Up
2023-06-11 22:44:59 PM - INFO - welcome
2023-06-11 22:45:04 PM - INFO - 
2023-06-11 22:45:26 PM - INFO - welcome
2023-06-11 22:45:31 PM - INFO - Sign In | LinkedIn
2023-06-11 23:06:21 PM - INFO - welcome
2023-06-11 23:06:26 PM - INFO - LinkedIn: Log In or Sign Up
2023-06-11 23:06:59 PM - INFO - welcome
2023-06-11 23:07:04 PM - INFO - LinkedIn: Log In or Sign Up
2023-06-11 23:08:23 PM - INFO - welcome
2023-06-11 23:08:28 PM - INFO - 
2023-06-11 23:09:36 PM - INFO - welcome
2023-06-11 23:09:41 PM - INFO - 
2023-06-11 23:09:58 PM - INFO - welcome
2023-06-11 23:10:03 PM - INFO - LinkedIn: Log In or Sign Up
2023-06-11 23:13:47 PM - INFO - welcome
2023-06-11 23:13:52 PM - INFO - Sign In | LinkedIn
2023-06-11 23:14:07 PM - INFO - welcome
2023-06-11 23:14:12 PM - INFO - LinkedIn: Log In or Sign Up
2023-06-11 23:45:40 PM - INFO - welcome
2023-06-11 23:45:45 PM - INFO - 
2023-06-11 23:45:58 PM - INFO - welcome
2023-06-11 23:46:03 PM - INFO - 
2023-06-11 23:46:36 PM - INFO - welcome
2023-06-11 23:46:41 PM - INFO - LinkedIn: Log In or Sign Up
2023-06-11 23:49:24 PM - INFO - welcome
2023-06-11 23:49:30 PM - INFO - LinkedIn: Log In or Sign Up
2023-06-11 23:50:30 PM - INFO - welcome
2023-06-11 23:50:36 PM - INFO - LinkedIn: Log In or Sign Up
2023-06-11 23:52:25 PM - INFO - welcome
2023-06-11 23:52:31 PM - INFO - 
2023-06-11 23:52:46 PM - INFO - welcome
2023-06-11 23:52:52 PM - INFO - 
2023-06-11 23:53:05 PM - INFO - welcome
2023-06-11 23:53:11 PM - INFO - 
2023-06-11 23:53:36 PM - INFO - welcome
2023-06-11 23:53:42 PM - INFO - LinkedIn: Log In or Sign Up
2023-06-12 00:10:52 AM - INFO - welcome
2023-06-12 00:10:57 AM - INFO - LinkedIn: Log In or Sign Up
2023-06-12 00:12:43 AM - INFO - welcome
2023-06-12 00:12:48 AM - INFO - 
2023-06-12 00:13:06 AM - INFO - welcome
2023-06-12 00:13:11 AM - INFO - 
2023-06-12 00:13:35 AM - INFO - welcome
2023-06-12 00:13:40 AM - INFO - LinkedIn: Log In or Sign Up
2023-06-13 00:47:11 AM - INFO - welcome
2023-06-13 00:47:16 AM - INFO - LinkedIn: Log In or Sign Up
2023-06-13 01:06:33 AM - INFO - welcome
2023-06-13 01:06:38 AM - INFO - 
2023-06-13 01:07:57 AM - INFO - welcome
2023-06-13 01:08:02 AM - INFO - LinkedIn: Log In or Sign Up
2023-06-13 01:19:49 AM - INFO - welcome
2023-06-13 01:21:47 AM - INFO - welcome
2023-06-13 01:21:52 AM - INFO - /////LinkedIn: Log In or Sign Up////
2023-06-13 01:25:52 AM - INFO - welcome
2023-06-13 01:26:14 AM - INFO - welcome
2023-06-13 01:26:19 AM - INFO - /////Sign In | LinkedIn////
2023-06-13 01:26:48 AM - INFO - welcome
2023-06-13 01:26:53 AM - INFO - /////Sign In | LinkedIn////
2023-06-13 01:30:58 AM - INFO - welcome
2023-06-13 01:31:03 AM - INFO - /////Sign In | LinkedIn////
2023-06-13 01:31:33 AM - INFO - welcome
2023-06-13 01:31:38 AM - INFO - /////LinkedIn: Log In or Sign Up////
2023-06-13 01:32:17 AM - INFO - welcome
2023-06-13 01:32:22 AM - INFO - /////LinkedIn: Log In or Sign Up////
2023-06-13 01:38:13 AM - INFO - welcome
2023-06-13 01:38:18 AM - INFO - /////LinkedIn: Log In or Sign Up////
2023-06-13 01:53:24 AM - INFO - welcome
2023-06-13 01:53:29 AM - INFO - /////////
2023-06-13 01:59:16 AM - INFO - welcome
2023-06-13 01:59:21 AM - INFO - /////LinkedIn: Log In or Sign Up////
2023-06-13 02:00:04 AM - INFO - welcome
2023-06-13 02:00:09 AM - INFO - /////Sign In | LinkedIn////
2023-06-13 02:10:25 AM - INFO - welcome
2023-06-13 02:10:50 AM - INFO - welcome
2023-06-13 02:13:37 AM - INFO - Open successfully
2023-06-13 02:14:28 AM - INFO - Open successfully
2023-06-13 02:14:43 AM - INFO - Open successfully
2023-06-13 02:14:43 AM - INFO - Open successfully
2023-06-13 02:15:03 AM - INFO - Open successfully
2023-06-13 02:15:38 AM - INFO - Open successfully
2023-06-13 02:15:38 AM - INFO - Open successfully
2023-06-13 02:16:05 AM - INFO - Open successfully
2023-06-13 02:16:25 AM - INFO - Open successfully
2023-06-13 02:16:25 AM - INFO - Open successfully
2023-06-13 02:17:10 AM - INFO - Open successfully
2023-06-13 02:17:23 AM - INFO - Open successfully
2023-06-13 02:17:23 AM - INFO - Open successfully
2023-06-13 02:17:58 AM - INFO - Open successfully
2023-06-13 02:18:09 AM - INFO - Open successfully
2023-06-13 02:18:09 AM - INFO - Open successfully
2023-06-13 02:18:32 AM - INFO - Open successfully
2023-06-13 02:18:37 AM - INFO - /////////
2023-06-13 02:18:44 AM - INFO - Open successfully
2023-06-13 02:18:44 AM - INFO - Open successfully
2023-06-13 02:18:49 AM - INFO - Sign In | LinkedIn
2023-06-13 02:18:49 AM - INFO - Sign In | LinkedIn
2023-06-13 02:19:42 AM - INFO - Open successfully
2023-06-13 02:20:19 AM - INFO - Open successfully
2023-06-13 02:20:19 AM - INFO - Open successfully
2023-06-13 02:21:47 AM - INFO - Open successfully
2023-06-13 02:21:57 AM - INFO - Open successfully
2023-06-13 02:21:57 AM - INFO - Open successfully
2023-06-13 02:22:47 AM - INFO - Open successfully
2023-06-13 02:22:57 AM - INFO - Open successfully
2023-06-13 02:22:57 AM - INFO - Open successfully
2023-06-13 02:23:12 AM - INFO - Open successfully
2023-06-13 02:23:17 AM - INFO - /////LinkedIn: Log In or Sign Up////
2023-06-13 02:24:16 AM - INFO - Open successfully
2023-06-13 02:24:16 AM - INFO - Open successfully
2023-06-13 02:24:21 AM - INFO - LinkedIn: Log In or Sign Up
2023-06-13 02:24:21 AM - INFO - LinkedIn: Log In or Sign Up
2023-06-13 02:25:11 AM - INFO - Open successfully
2023-06-13 02:25:16 AM - INFO - /////Sign In | LinkedIn////
2023-06-13 02:25:21 AM - INFO - Open successfully
2023-06-13 02:25:21 AM - INFO - Open successfully
2023-06-13 02:25:26 AM - INFO - 
2023-06-13 02:25:26 AM - INFO - 
2023-06-13 02:25:53 AM - INFO - Open successfully
2023-06-13 02:26:02 AM - INFO - Open successfully
2023-06-13 02:26:02 AM - INFO - Open successfully
2023-06-13 02:27:23 AM - INFO - Open successfully
2023-06-13 02:27:33 AM - INFO - Open successfully
2023-06-13 02:27:33 AM - INFO - Open successfully
2023-06-13 02:28:33 AM - INFO - Open successfully
2023-06-13 02:28:41 AM - INFO - Open successfully
2023-06-13 02:28:41 AM - INFO - Open successfully
2023-06-13 02:30:25 AM - INFO - Open successfully
2023-06-13 02:30:32 AM - INFO - 
2023-06-13 02:30:38 AM - INFO - Open successfully
2023-06-13 02:30:38 AM - INFO - Open successfully
2023-06-13 02:30:43 AM - INFO - LinkedIn: Log In or Sign Up
2023-06-13 02:30:43 AM - INFO - LinkedIn: Log In or Sign Up
2023-06-13 02:31:32 AM - INFO - Open successfully
2023-06-13 02:31:39 AM - INFO - LinkedIn: Log In or Sign Up
2023-06-13 02:32:03 AM - INFO - Open successfully
2023-06-13 02:32:03 AM - INFO - Open successfully
2023-06-13 02:32:08 AM - INFO - LinkedIn: Log In or Sign Up
2023-06-13 02:32:08 AM - INFO - LinkedIn: Log In or Sign Up
2023-06-13 02:37:00 AM - INFO - Open successfully
2023-06-13 02:37:07 AM - INFO - Sign In | LinkedIn
2023-06-13 02:37:12 AM - INFO - Open successfully
2023-06-13 02:37:12 AM - INFO - Open successfully
2023-06-13 02:37:17 AM - INFO - 
2023-06-13 02:37:17 AM - INFO - 
2023-06-13 02:37:44 AM - INFO - Open successfully
2023-06-13 02:37:53 AM - INFO - Open successfully
2023-06-13 02:37:53 AM - INFO - Open successfully
2023-06-13 02:39:38 AM - INFO - Open successfully
2023-06-13 02:39:45 AM - INFO - 
2023-06-13 02:39:52 AM - INFO - Open successfully
2023-06-13 02:39:52 AM - INFO - Open successfully
2023-06-13 02:39:57 AM - INFO - 
2023-06-13 02:39:57 AM - INFO - 
2023-06-13 02:40:22 AM - INFO - Open successfully
2023-06-13 02:40:29 AM - INFO - LinkedIn: Log In or Sign Up
2023-06-13 02:40:37 AM - INFO - Open successfully
2023-06-13 02:40:37 AM - INFO - Open successfully
2023-06-13 02:40:42 AM - INFO - LinkedIn: Log In or Sign Up
2023-06-13 02:40:42 AM - INFO - LinkedIn: Log In or Sign Up
2023-06-13 02:41:12 AM - INFO - Open successfully
2023-06-13 02:41:19 AM - INFO - 
2023-06-13 02:41:30 AM - INFO - Open successfully
2023-06-13 02:41:30 AM - INFO - Open successfully
2023-06-13 02:41:35 AM - INFO - LinkedIn: Log In or Sign Up
2023-06-13 02:41:35 AM - INFO - LinkedIn: Log In or Sign Up
2023-06-13 02:42:26 AM - INFO - Open successfully
2023-06-13 02:42:33 AM - INFO - LinkedIn: Log In or Sign Up
2023-06-13 02:42:39 AM - INFO - Open successfully
2023-06-13 02:42:39 AM - INFO - Open successfully
2023-06-13 02:42:44 AM - INFO - 
2023-06-13 02:42:44 AM - INFO - 
2023-06-13 02:44:35 AM - INFO - Open successfully
2023-06-13 02:44:42 AM - INFO - LinkedIn: Log In or Sign Up
2023-06-13 02:44:48 AM - INFO - Open successfully
2023-06-13 02:44:48 AM - INFO - Open successfully
2023-06-13 02:44:53 AM - INFO - LinkedIn: Log In or Sign Up
2023-06-13 02:44:53 AM - INFO - LinkedIn: Log In or Sign Up
2023-06-13 02:45:29 AM - INFO - Open successfully
2023-06-13 02:45:36 AM - INFO - Open successfully
2023-06-13 02:45:36 AM - INFO - Open successfully
2023-06-13 02:46:18 AM - INFO - Open successfully
2023-06-13 02:46:53 AM - INFO - Open successfully
2023-06-13 02:46:53 AM - INFO - Open successfully
2023-06-13 02:47:12 AM - INFO - Open successfully
2023-06-13 02:47:45 AM - INFO - Open successfully
2023-06-13 02:47:45 AM - INFO - Open successfully
2023-06-13 02:48:42 AM - INFO - Open successfully
2023-06-13 02:49:12 AM - INFO - Open successfully
2023-06-13 02:49:12 AM - INFO - Open successfully
2023-06-13 03:03:49 AM - INFO - Open successfully
2023-06-13 03:04:09 AM - INFO - Open successfully
2023-06-13 03:04:09 AM - INFO - Open successfully
2023-06-13 03:04:45 AM - INFO - Open successfully
2023-06-13 03:04:55 AM - INFO - Open successfully
2023-06-13 03:04:55 AM - INFO - Open successfully
2023-06-13 03:05:18 AM - INFO - Open successfully
2023-06-13 03:05:28 AM - INFO - Open successfully
2023-06-13 03:05:28 AM - INFO - Open successfully
2023-06-13 03:08:52 AM - INFO - Open successfully
2023-06-13 03:09:19 AM - INFO - Open successfully
2023-06-13 03:09:19 AM - INFO - Open successfully
2023-06-13 03:10:01 AM - INFO - Open successfully
2023-06-13 03:10:28 AM - INFO - Open successfully
2023-06-13 03:10:28 AM - INFO - Open successfully
2023-06-13 03:10:58 AM - INFO - Open successfully
2023-06-13 03:11:25 AM - INFO - Open successfully
2023-06-13 03:11:25 AM - INFO - Open successfully
2023-06-13 03:12:01 AM - INFO - Open successfully
2023-06-13 03:12:21 AM - INFO - Open successfully
2023-06-13 03:12:21 AM - INFO - Open successfully
2023-06-13 03:12:58 AM - INFO - Open successfully
2023-06-13 03:13:30 AM - INFO - Open successfully
2023-06-13 03:13:30 AM - INFO - Open successfully
2023-06-13 03:14:07 AM - INFO - Open successfully
2023-06-13 03:14:35 AM - INFO - Open successfully
2023-06-13 03:14:35 AM - INFO - Open successfully
2023-06-13 03:15:19 AM - INFO - Open successfully
2023-06-13 03:15:46 AM - INFO - Open successfully
2023-06-13 03:15:46 AM - INFO - Open successfully
2023-06-13 03:16:03 AM - INFO - <selenium.webdriver.remote.webelement.WebElement (session="0b9ed91fb7d9bf6350beaf24f0060f7b", element="C7DD8921414194A6DFEA9E8C4AF7D82A_element_43")>
2023-06-13 03:16:03 AM - INFO - <selenium.webdriver.remote.webelement.WebElement (session="0b9ed91fb7d9bf6350beaf24f0060f7b", element="C7DD8921414194A6DFEA9E8C4AF7D82A_element_43")>
2023-06-13 03:17:49 AM - INFO - Open successfully
2023-06-13 03:18:19 AM - INFO - Open successfully
2023-06-13 03:18:19 AM - INFO - Open successfully
2023-06-13 03:18:36 AM - INFO - <selenium.webdriver.remote.webelement.WebElement (session="b91feb00336ae07c8fb33f9eaef7d9ce", element="4A62FBD44E10EFB1CE9F34FF57AFE89E_element_44")>
2023-06-13 03:18:36 AM - INFO - <selenium.webdriver.remote.webelement.WebElement (session="b91feb00336ae07c8fb33f9eaef7d9ce", element="4A62FBD44E10EFB1CE9F34FF57AFE89E_element_44")>
2023-06-13 03:24:51 AM - INFO - Open successfully
2023-06-13 03:25:25 AM - INFO - Open successfully
2023-06-13 03:25:25 AM - INFO - Open successfully
2023-06-13 03:25:42 AM - INFO - 
2023-06-13 03:25:42 AM - INFO - 
2023-06-13 03:27:25 AM - INFO - Open successfully
2023-06-13 03:27:56 AM - INFO - Open successfully
2023-06-13 03:27:56 AM - INFO - Open successfully
2023-06-13 03:28:32 AM - INFO - Open successfully
2023-06-13 03:28:57 AM - INFO - Open successfully
2023-06-13 03:28:57 AM - INFO - Open successfully
2023-06-13 03:30:44 AM - INFO - Open successfully
2023-06-13 03:30:58 AM - INFO - Open successfully
2023-06-13 03:30:58 AM - INFO - Open successfully
2023-06-13 03:31:16 AM - INFO - That’s not the right password. Forgot password?
2023-06-13 03:31:16 AM - INFO - That’s not the right password. Forgot password?
2023-06-13 03:35:31 AM - INFO - Open successfully
2023-06-13 03:36:01 AM - INFO - Open successfully
2023-06-13 03:36:01 AM - INFO - Open successfully
2023-06-13 03:37:32 AM - INFO - Open successfully
2023-06-13 03:38:12 AM - INFO - Open successfully
2023-06-13 03:38:12 AM - INFO - Open successfully
2023-06-13 03:39:43 AM - INFO - Open successfully
2023-06-13 03:40:10 AM - INFO - Open successfully
2023-06-13 03:40:10 AM - INFO - Open successfully
2023-06-13 03:41:03 AM - INFO - Open successfully
2023-06-13 03:41:13 AM - INFO - Open successfully
2023-06-13 03:41:13 AM - INFO - Open successfully
2023-06-13 03:42:00 AM - INFO - Open successfully
2023-06-13 03:42:29 AM - INFO - Open successfully
2023-06-13 03:42:29 AM - INFO - Open successfully
2023-06-13 03:42:45 AM - INFO - That’s not the right password. Forgot password?
2023-06-13 03:42:45 AM - INFO - That’s not the right password. Forgot password?
2023-06-13 05:23:01 AM - INFO - Open successfully
2023-06-13 05:28:41 AM - INFO - Open successfully
2023-06-13 05:31:20 AM - INFO - Open successfully
2023-06-14 17:51:50 PM - INFO - Open successfully
2023-06-14 17:52:21 PM - INFO - Open successfully
2023-06-14 17:55:22 PM - INFO - Open successfully
2023-06-14 17:55:42 PM - INFO - Open successfully
2023-06-14 17:56:57 PM - INFO - Open successfully
2023-06-14 17:57:35 PM - INFO - Open successfully
2023-06-14 17:58:38 PM - INFO - Open successfully
2023-06-14 17:59:32 PM - INFO - Open successfully
2023-06-14 18:00:12 PM - INFO - Open successfully
2023-06-14 18:01:32 PM - INFO - Open successfully
2023-06-14 18:02:19 PM - INFO - Open successfully
2023-06-14 18:02:59 PM - INFO - Open successfully
2023-06-14 18:05:02 PM - INFO - Open successfully
2023-06-14 18:08:31 PM - INFO - Open successfully
2023-06-14 18:10:04 PM - INFO - Open successfully
2023-06-14 18:13:53 PM - INFO - Open successfully
2023-06-14 18:15:34 PM - INFO - Open successfully
2023-06-14 18:22:54 PM - INFO - Open successfully
2023-06-14 18:23:32 PM - INFO - Open successfully
2023-06-14 18:23:55 PM - INFO - Open successfully
2023-06-14 18:25:27 PM - INFO - Open successfully
2023-06-14 18:27:47 PM - INFO - Open successfully
2023-06-14 18:28:31 PM - INFO - Open successfully
2023-06-14 18:30:17 PM - INFO - Open successfully
2023-06-14 18:30:53 PM - INFO - Open successfully
2023-06-14 18:31:11 PM - INFO - Open successfully
2023-06-14 18:32:43 PM - INFO - Open successfully
2023-06-14 18:37:45 PM - INFO - Open successfully
2023-06-14 18:38:01 PM - INFO - Open successfully
2023-06-14 18:38:43 PM - INFO - Open successfully
2023-06-14 18:42:09 PM - INFO - Open successfully
2023-06-14 18:42:26 PM - INFO - Open successfully
2023-06-14 18:43:23 PM - INFO - Open successfully
2023-06-14 18:44:17 PM - INFO - Open successfully
2023-06-14 18:45:07 PM - INFO - Open successfully
2023-06-14 18:45:43 PM - INFO - Open successfully
2023-06-14 18:47:26 PM - INFO - Open successfully
2023-06-14 18:48:06 PM - INFO - Open successfully
2023-06-14 18:52:30 PM - INFO - Open successfully
2023-06-14 19:03:40 PM - INFO - Open successfully
2023-06-14 19:04:45 PM - INFO - Open successfully
2023-06-14 19:05:32 PM - INFO - Open successfully
2023-06-14 19:07:38 PM - INFO - Open successfully
2023-06-14 19:26:50 PM - INFO - Open successfully
2023-06-14 19:28:32 PM - INFO - Open successfully
2023-06-14 19:31:38 PM - INFO - Open successfully
2023-06-14 19:34:06 PM - INFO - Open successfully
2023-06-14 21:01:00 PM - INFO - Open successfully
2023-06-14 21:05:13 PM - INFO - Open successfully
2023-06-14 21:09:46 PM - INFO - Open successfully
2023-06-14 21:12:24 PM - INFO - Open successfully
2023-06-14 21:46:30 PM - INFO - Open successfully
2023-06-14 22:13:44 PM - INFO - Open successfully
2023-06-14 22:16:03 PM - INFO - Open successfully
2023-06-14 22:16:55 PM - INFO - Open successfully
2023-06-14 22:17:47 PM - INFO - Open successfully
2023-06-14 22:20:39 PM - INFO - Open successfully
2023-06-14 22:21:20 PM - INFO - Open successfully
2023-06-14 22:36:13 PM - INFO - Open successfully
2023-06-14 22:36:38 PM - INFO - Open successfully
2023-06-14 22:37:25 PM - INFO - Open successfully
2023-06-15 07:02:44 AM - INFO - Open successfully
2023-06-15 07:04:02 AM - INFO - Open successfully
2023-06-15 07:08:13 AM - INFO - Open successfully
2023-06-15 07:09:13 AM - INFO - Open successfully
2023-06-15 07:22:06 AM - INFO - Open successfully
2023-06-15 07:28:09 AM - INFO - Open successfully
2023-06-15 07:30:37 AM - INFO - Open successfully
2023-06-15 07:48:41 AM - INFO - Open successfully
2023-06-15 07:50:31 AM - INFO - Open successfully
2023-06-15 07:58:32 AM - INFO - Open successfully
2023-06-15 07:59:44 AM - INFO - Open successfully
2023-06-15 08:07:06 AM - INFO - Open successfully
2023-06-15 08:07:26 AM - INFO - Open successfully
2023-06-15 08:10:57 AM - INFO - Open successfully
2023-06-15 08:21:07 AM - INFO - Open successfully
2023-06-15 08:33:05 AM - INFO - Open successfully
2023-06-15 08:34:37 AM - INFO - Open successfully
2023-06-15 08:36:04 AM - INFO - Open successfully
2023-06-15 08:37:37 AM - INFO - Open successfully
2023-06-15 08:44:32 AM - INFO - Open successfully
2023-06-15 08:46:08 AM - INFO - Open successfully
2023-06-15 09:34:24 AM - INFO - Open successfully
2023-06-15 16:52:58 PM - INFO - Open successfully
2023-06-15 16:54:28 PM - INFO - Open successfully
2023-06-15 17:05:18 PM - INFO - Open successfully
2023-06-15 17:19:36 PM - INFO - Open successfully
2023-06-15 17:25:32 PM - INFO - Open successfully
2023-06-15 17:30:37 PM - INFO - Open successfully
2023-06-15 17:43:18 PM - INFO - Open successfully
2023-06-15 17:47:33 PM - INFO - Open successfully
2023-06-15 17:53:19 PM - INFO - Open successfully
2023-06-15 18:10:04 PM - INFO - Open successfully
2023-06-15 18:12:34 PM - INFO - Open successfully
2023-06-15 18:20:55 PM - INFO - Open successfully
2023-06-15 18:30:32 PM - INFO - Open successfully
2023-06-15 18:33:37 PM - INFO - Open successfully
2023-06-15 18:41:44 PM - INFO - Open successfully
2023-06-15 18:42:33 PM - INFO - Open successfully
2023-06-15 18:51:55 PM - INFO - Open successfully
2023-06-15 18:56:23 PM - INFO - Open successfully
2023-06-15 19:00:04 PM - INFO - Open successfully
2023-06-15 19:06:53 PM - INFO - Open successfully
2023-06-15 19:09:01 PM - INFO - Open successfully
2023-06-15 19:14:47 PM - INFO - Open successfully
2023-06-15 19:19:57 PM - INFO - Open successfully
2023-06-15 19:24:38 PM - INFO - Open successfully
2023-06-15 19:29:01 PM - INFO - Open successfully
2023-06-15 19:35:50 PM - INFO - Open successfully
2023-06-15 19:38:56 PM - INFO - Open successfully
2023-06-15 19:41:48 PM - INFO - Open successfully
2023-06-15 19:45:42 PM - INFO - Open successfully
2023-06-15 19:51:01 PM - INFO - Open successfully
2023-06-15 19:53:01 PM - INFO - Open successfully
2023-06-15 19:56:00 PM - INFO - Open successfully
2023-06-15 20:32:02 PM - INFO - Open successfully
2023-06-15 20:36:53 PM - INFO - Open successfully
2023-06-15 20:40:45 PM - INFO - Open successfully
2023-06-15 20:43:53 PM - INFO - Open successfully
2023-06-15 20:57:26 PM - INFO - Open successfully
2023-06-15 20:59:23 PM - INFO - Open successfully
2023-06-15 21:04:08 PM - INFO - Open successfully
2023-06-15 21:09:04 PM - INFO - Open successfully
2023-06-15 21:13:58 PM - INFO - Open successfully
2023-06-15 21:18:06 PM - INFO - Open successfully
2023-06-15 21:22:07 PM - INFO - Open successfully
2023-06-15 21:26:36 PM - INFO - Open successfully
2023-06-15 21:30:37 PM - INFO - Open successfully
2023-06-15 21:33:22 PM - INFO - Open successfully
2023-06-15 21:36:17 PM - INFO - Open successfully
2023-06-15 21:39:09 PM - INFO - Open successfully
2023-06-15 21:42:47 PM - INFO - Open successfully
2023-06-15 21:45:47 PM - INFO - Open successfully
2023-06-15 21:48:00 PM - INFO - Open successfully
2023-06-15 21:49:34 PM - INFO - Open successfully
2023-06-15 22:12:49 PM - INFO - Open successfully
2023-06-15 22:18:28 PM - INFO - Open successfully
2023-06-15 22:22:11 PM - INFO - Open successfully
2023-06-15 22:25:25 PM - INFO - Open successfully
2023-06-15 22:28:23 PM - INFO - Open successfully
2023-06-15 22:33:14 PM - INFO - Open successfully
2023-06-15 22:34:46 PM - INFO - Open successfully
2023-06-15 22:41:03 PM - INFO - Open successfully
2023-06-15 22:44:16 PM - INFO - Open successfully
2023-06-15 22:46:39 PM - INFO - Open successfully
2023-06-15 22:49:47 PM - INFO - Open successfully
2023-06-15 22:52:41 PM - INFO - Open successfully
2023-06-15 22:56:33 PM - INFO - Open successfully
2023-06-15 22:58:56 PM - INFO - Open successfully
2023-06-15 23:01:31 PM - INFO - Open successfully
2023-06-15 23:05:02 PM - INFO - Open successfully
2023-06-15 23:08:40 PM - INFO - Open successfully
2023-06-15 23:09:10 PM - INFO - Open successfully
2023-06-15 23:12:24 PM - INFO - Open successfully
2023-06-15 23:12:44 PM - INFO - Open successfully
2023-06-15 23:16:28 PM - INFO - Open successfully
2023-06-15 23:25:25 PM - INFO - Open successfully
2023-06-15 23:26:04 PM - INFO - Open successfully
2023-06-15 23:33:18 PM - INFO - Open successfully
2023-06-15 23:33:48 PM - INFO - Open successfully
2023-06-15 23:38:19 PM - INFO - Open successfully
2023-06-15 23:40:16 PM - INFO - Open successfully
2023-06-15 23:41:39 PM - INFO - Open successfully
2023-06-15 23:49:47 PM - INFO - Open successfully
2023-06-15 23:50:06 PM - INFO - Open successfully
2023-06-15 23:50:27 PM - INFO - Open successfully
2023-06-15 23:52:16 PM - INFO - Open successfully
2023-06-15 23:56:06 PM - INFO - Open successfully
2023-06-15 23:56:49 PM - INFO - Open successfully
2023-06-15 23:57:21 PM - INFO - Open successfully
2023-06-15 23:58:03 PM - INFO - Open successfully
2023-06-15 23:58:55 PM - INFO - Open successfully
2023-06-16 00:00:47 AM - INFO - Open successfully
2023-06-16 00:01:17 AM - INFO - Open successfully
2023-06-16 00:05:21 AM - INFO - Open successfully
2023-06-16 00:06:01 AM - INFO - Open successfully
2023-06-16 00:09:51 AM - INFO - Open successfully
2023-06-16 00:10:28 AM - INFO - Open successfully
2023-06-16 00:10:45 AM - INFO - Open successfully
2023-06-16 00:11:10 AM - INFO - Open successfully
2023-06-16 00:11:33 AM - INFO - Open successfully
2023-06-16 00:13:42 AM - INFO - Open successfully
2023-06-16 00:14:02 AM - INFO - Open successfully
2023-06-16 00:14:30 AM - INFO - Open successfully
2023-06-16 00:15:06 AM - INFO - Open successfully
2023-06-16 00:15:22 AM - INFO - Open successfully
2023-06-16 00:16:01 AM - INFO - Open successfully
2023-06-16 00:18:31 AM - INFO - Open successfully
2023-06-16 00:22:56 AM - INFO - Open successfully
2023-06-16 00:23:56 AM - INFO - Open successfully
2023-06-16 00:24:34 AM - INFO - Open successfully
2023-06-16 00:24:58 AM - INFO - Open successfully
2023-06-16 00:26:56 AM - INFO - Open successfully
2023-06-16 00:30:18 AM - INFO - Open successfully
2023-06-16 00:30:57 AM - INFO - Open successfully
2023-06-16 00:33:01 AM - INFO - Open successfully
2023-06-16 00:35:48 AM - INFO - Open successfully
2023-06-16 00:45:30 AM - INFO - Open successfully
2023-06-16 00:49:45 AM - INFO - Open successfully
2023-06-16 00:58:07 AM - INFO - Open successfully
2023-06-16 01:06:15 AM - INFO - Open successfully
2023-06-16 01:06:56 AM - INFO - Open successfully
2023-06-16 01:10:54 AM - INFO - Open successfully
2023-06-16 01:11:35 AM - INFO - Open successfully
2023-06-16 01:14:43 AM - INFO - Open successfully
2023-06-16 01:19:16 AM - INFO - Open successfully
2023-06-16 01:22:15 AM - INFO - Open successfully
2023-06-16 01:22:35 AM - INFO - Open successfully
2023-06-16 01:24:01 AM - INFO - Open successfully
2023-06-16 01:24:18 AM - INFO - Open successfully
2023-06-16 01:24:52 AM - INFO - Open successfully
2023-06-16 01:25:08 AM - INFO - Open successfully
2023-06-16 11:50:07 AM - INFO - Open successfully
2023-06-16 11:56:59 AM - INFO - Open successfully
2023-06-16 11:57:24 AM - INFO - Open successfully
2023-06-16 11:57:41 AM - INFO - Open successfully
2023-06-16 11:57:59 AM - INFO - Open successfully
2023-06-16 12:00:37 PM - INFO - Open successfully
2023-06-16 12:00:57 PM - INFO - Open successfully
2023-06-16 12:01:39 PM - INFO - Open successfully
2023-06-16 12:06:49 PM - INFO - Open successfully
2023-06-16 12:10:19 PM - INFO - Open successfully
2023-06-16 12:10:40 PM - INFO - Open successfully
2023-06-16 12:14:06 PM - INFO - Open successfully
2023-06-16 12:14:43 PM - INFO - Open successfully
2023-06-16 12:17:04 PM - INFO - Open successfully
2023-06-16 12:25:25 PM - INFO - Open successfully
2023-06-16 12:26:01 PM - INFO - Open successfully
2023-06-16 12:26:49 PM - INFO - Open successfully
2023-06-16 12:27:06 PM - INFO - Open successfully
2023-06-16 12:30:20 PM - INFO - Open successfully
2023-06-16 12:32:32 PM - INFO - Open successfully
2023-06-16 12:33:09 PM - INFO - Open successfully
2023-06-16 12:37:46 PM - INFO - Open successfully
2023-06-16 12:38:05 PM - INFO - Open successfully
2023-06-16 12:38:42 PM - INFO - Open successfully
2023-06-16 12:39:20 PM - INFO - Open successfully
2023-06-16 12:39:57 PM - INFO - Open successfully
2023-06-16 12:40:20 PM - INFO - Open successfully
2023-06-16 12:41:01 PM - INFO - Open successfully
2023-06-16 12:42:58 PM - INFO - Open successfully
2023-06-16 12:43:13 PM - INFO - Open successfully
2023-06-16 12:43:53 PM - INFO - Open successfully
2023-06-16 12:44:09 PM - INFO - Open successfully
2023-06-16 12:44:49 PM - INFO - Open successfully
2023-06-16 12:45:09 PM - INFO - Open successfully
2023-06-16 12:45:47 PM - INFO - Open successfully
2023-06-16 12:48:09 PM - INFO - Open successfully
2023-06-16 12:48:46 PM - INFO - Open successfully
2023-06-16 12:53:40 PM - INFO - Open successfully
2023-06-16 12:54:29 PM - INFO - Open successfully
2023-06-16 13:05:34 PM - INFO - Open successfully
2023-06-16 13:06:37 PM - INFO - Open successfully
2023-06-16 13:08:16 PM - INFO - Open successfully
2023-06-16 13:08:53 PM - INFO - Open successfully
2023-06-16 13:09:10 PM - INFO - Open successfully
2023-06-16 13:13:33 PM - INFO - Open successfully
2023-06-16 13:14:13 PM - INFO - Open successfully
2023-06-16 13:14:31 PM - INFO - Open successfully
2023-06-16 13:20:32 PM - INFO - Open successfully
2023-06-16 13:37:11 PM - INFO - Open successfully
2023-06-16 13:40:45 PM - INFO - Open successfully
2023-06-16 13:44:49 PM - INFO - Open successfully
2023-06-16 13:45:25 PM - INFO - Open successfully
2023-06-16 13:46:13 PM - INFO - Open successfully
2023-06-16 13:46:30 PM - INFO - Open successfully
2023-06-16 13:46:47 PM - INFO - Open successfully
2023-06-16 13:47:24 PM - INFO - Open successfully
2023-06-16 13:47:41 PM - INFO - Open successfully
2023-06-16 13:47:57 PM - INFO - Open successfully
2023-06-16 13:48:13 PM - INFO - Open successfully
2023-06-16 13:50:04 PM - INFO - Open successfully
2023-06-16 13:50:36 PM - INFO - Open successfully
2023-06-16 13:50:54 PM - INFO - Open successfully
2023-06-16 13:51:11 PM - INFO - Open successfully
2023-06-16 13:51:54 PM - INFO - Open successfully
2023-06-16 13:52:30 PM - INFO - Open successfully
2023-06-16 13:53:06 PM - INFO - Open successfully
2023-06-16 13:57:01 PM - INFO - Open successfully
2023-06-16 13:57:37 PM - INFO - Open successfully
2023-06-16 14:00:30 PM - INFO - Open successfully
2023-06-16 14:02:45 PM - INFO - Open successfully
2023-06-16 14:04:53 PM - INFO - Open successfully
2023-06-16 14:12:25 PM - INFO - Open successfully
2023-06-16 14:16:48 PM - INFO - Open successfully
2023-06-16 14:17:26 PM - INFO - Open successfully
2023-06-16 14:17:46 PM - INFO - Open successfully
2023-06-16 14:24:23 PM - INFO - Open successfully
2023-06-16 14:25:00 PM - INFO - Open successfully
2023-06-16 14:25:20 PM - INFO - Open successfully
2023-06-16 14:28:43 PM - INFO - Open successfully
2023-06-16 14:29:03 PM - INFO - Open successfully
2023-06-16 14:32:47 PM - INFO - Open successfully
2023-06-16 14:33:24 PM - INFO - Open successfully
2023-06-16 14:34:03 PM - INFO - Open successfully
2023-06-16 14:36:28 PM - INFO - Open successfully
2023-06-16 14:36:44 PM - INFO - Open successfully
2023-06-16 14:37:02 PM - INFO - Open successfully
2023-06-16 14:45:31 PM - INFO - Open successfully
2023-06-16 14:47:14 PM - INFO - Open successfully
2023-06-16 14:47:29 PM - INFO - Open successfully
2023-06-16 14:48:07 PM - INFO - Open successfully
2023-06-16 14:54:01 PM - INFO - Open successfully
2023-06-16 14:54:33 PM - INFO - Open successfully
2023-06-16 14:55:09 PM - INFO - Open successfully
2023-06-16 14:55:26 PM - INFO - Open successfully
2023-06-16 14:56:02 PM - INFO - Open successfully
2023-06-16 14:56:39 PM - INFO - Open successfully
2023-06-16 14:57:13 PM - INFO - Open successfully
2023-06-16 14:59:54 PM - INFO - Open successfully
2023-06-16 15:00:15 PM - INFO - Open successfully
2023-06-16 15:00:36 PM - INFO - Open successfully
2023-06-16 15:00:52 PM - INFO - Open successfully
2023-06-16 15:01:28 PM - INFO - Open successfully
2023-06-16 15:30:36 PM - INFO - Open successfully
2023-06-16 15:31:03 PM - INFO - Open successfully
2023-06-16 15:31:21 PM - INFO - Open successfully
2023-06-16 15:34:04 PM - INFO - Open successfully
2023-06-16 15:47:17 PM - INFO - Open successfully
2023-06-16 15:47:34 PM - INFO - Open successfully
2023-06-16 19:47:59 PM - INFO - Open successfully
2023-06-16 19:48:45 PM - INFO - Open successfully
2023-06-16 19:49:51 PM - INFO - Open successfully
2023-06-16 19:51:33 PM - INFO - Open successfully
2023-06-16 19:52:20 PM - INFO - Open successfully
2023-06-16 19:54:42 PM - INFO - Open successfully
2023-06-16 19:55:05 PM - INFO - Open successfully
2023-06-16 19:56:21 PM - INFO - Open successfully
2023-06-16 19:57:04 PM - INFO - Open successfully
2023-06-16 19:57:50 PM - INFO - Open successfully
2023-06-16 19:58:39 PM - INFO - Open successfully
2023-06-16 19:59:20 PM - INFO - Open successfully
2023-06-16 20:00:21 PM - INFO - Open successfully
2023-06-16 20:04:56 PM - INFO - Open successfully
2023-06-16 20:05:18 PM - INFO - Open successfully
2023-06-16 20:10:01 PM - INFO - Open successfully
2023-06-16 20:10:43 PM - INFO - Open successfully
2023-06-16 20:12:03 PM - INFO - Open successfully
2023-06-16 20:12:39 PM - INFO - Open successfully
2023-06-16 20:17:36 PM - INFO - Open successfully
2023-06-16 20:25:16 PM - INFO - Open successfully
2023-06-16 20:25:35 PM - INFO - Open successfully
2023-06-16 20:26:08 PM - INFO - Open successfully
2023-06-16 20:33:44 PM - INFO - Open successfully
2023-06-16 20:34:22 PM - INFO - Open successfully
2023-06-16 20:38:35 PM - INFO - Open successfully
2023-06-16 20:39:23 PM - INFO - Open successfully
2023-06-16 20:40:00 PM - INFO - Open successfully
2023-06-16 20:40:32 PM - INFO - Open successfully
2023-06-16 20:42:17 PM - INFO - Open successfully
2023-06-16 20:46:54 PM - INFO - Open successfully
2023-06-16 20:59:26 PM - INFO - Open successfully
2023-06-16 21:00:11 PM - INFO - Open successfully
2023-06-16 21:11:59 PM - INFO - Open successfully
2023-06-16 21:12:25 PM - INFO - Open successfully
2023-06-16 21:13:04 PM - INFO - Open successfully
2023-06-16 21:13:25 PM - INFO - Open successfully
2023-06-16 21:14:08 PM - INFO - Open successfully
2023-06-16 22:01:56 PM - INFO - Open successfully
2023-06-16 22:06:45 PM - INFO - Open successfully
2023-06-16 22:07:03 PM - INFO - Open successfully
2023-06-16 22:07:39 PM - INFO - Open successfully
2023-06-16 22:08:04 PM - INFO - Open successfully
2023-06-16 22:08:22 PM - INFO - Open successfully
2023-06-16 22:17:24 PM - INFO - Open successfully
2023-06-16 22:21:37 PM - INFO - Open successfully
2023-06-16 22:22:19 PM - INFO - Open successfully
2023-06-16 22:22:53 PM - INFO - Open successfully
2023-06-16 22:30:10 PM - INFO - Open successfully
2023-06-16 22:30:30 PM - INFO - Open successfully
2023-06-16 22:33:41 PM - INFO - Open successfully
2023-06-16 22:35:12 PM - INFO - Open successfully
2023-06-16 22:41:02 PM - INFO - Open successfully
2023-06-16 22:41:35 PM - INFO - Open successfully
2023-06-16 22:41:52 PM - INFO - Open successfully
2023-06-16 22:45:51 PM - INFO - Open successfully
2023-06-16 22:46:12 PM - INFO - Open successfully
2023-06-16 22:58:01 PM - INFO - Open successfully
2023-06-16 23:00:00 PM - INFO - Open successfully
2023-06-16 23:03:54 PM - INFO - Open successfully
2023-06-16 23:04:12 PM - INFO - Open successfully
2023-06-16 23:04:36 PM - INFO - Open successfully
2023-06-16 23:09:20 PM - INFO - Open successfully
2023-06-16 23:11:55 PM - INFO - Open successfully
2023-06-16 23:12:18 PM - INFO - Open successfully
2023-06-16 23:12:35 PM - INFO - Open successfully
2023-06-16 23:13:07 PM - INFO - Open successfully
2023-06-16 23:13:43 PM - INFO - Open successfully
2023-06-16 23:21:50 PM - INFO - Open successfully
2023-06-16 23:22:12 PM - INFO - Open successfully
2023-06-16 23:22:59 PM - INFO - Open successfully
2023-06-16 23:27:06 PM - INFO - Open successfully
2023-06-16 23:27:43 PM - INFO - Open successfully
2023-06-16 23:28:24 PM - INFO - Open successfully
2023-06-16 23:31:08 PM - INFO - Open successfully
2023-06-16 23:33:12 PM - INFO - Open successfully
2023-06-16 23:34:00 PM - INFO - Open successfully
2023-06-16 23:35:15 PM - INFO - Open successfully
2023-06-16 23:35:48 PM - INFO - Open successfully
2023-06-16 23:39:15 PM - INFO - Open successfully
2023-06-16 23:39:52 PM - INFO - Open successfully
2023-06-16 23:40:42 PM - INFO - Open successfully
2023-06-16 23:41:01 PM - INFO - Open successfully
2023-06-16 23:41:19 PM - INFO - Open successfully
2023-06-16 23:41:35 PM - INFO - Open successfully
2023-06-16 23:42:11 PM - INFO - Open successfully
2023-06-16 23:42:47 PM - INFO - Open successfully
2023-06-16 23:43:05 PM - INFO - Open successfully
2023-06-16 23:49:51 PM - INFO - Open successfully
2023-06-16 23:50:27 PM - INFO - Open successfully
2023-06-16 23:50:46 PM - INFO - Open successfully
2023-06-17 00:04:02 AM - INFO - Open successfully
2023-06-17 00:06:40 AM - INFO - Open successfully
2023-06-17 00:10:16 AM - INFO - Open successfully
2023-06-17 00:11:02 AM - INFO - Open successfully
2023-06-17 00:11:41 AM - INFO - Open successfully
2023-06-17 01:37:28 AM - INFO - Open successfully
2023-06-17 01:41:11 AM - INFO - Open successfully
2023-06-17 01:41:48 AM - INFO - Open successfully
2023-06-17 01:42:04 AM - INFO - Open successfully
2023-06-17 01:42:21 AM - INFO - Open successfully
2023-06-17 01:45:38 AM - INFO - Open successfully
2023-06-17 01:46:02 AM - INFO - Open successfully
2023-06-17 01:47:42 AM - INFO - Open successfully
2023-06-17 01:50:41 AM - INFO - Open successfully
2023-06-17 01:51:11 AM - INFO - Open successfully
2023-06-17 01:55:06 AM - INFO - Open successfully
2023-06-17 02:05:34 AM - INFO - Open successfully
2023-06-17 02:05:51 AM - INFO - Open successfully
2023-06-17 02:06:19 AM - INFO - Open successfully
2023-06-17 02:06:36 AM - INFO - Open successfully
2023-06-17 02:06:54 AM - INFO - Open successfully
2023-06-17 02:11:56 AM - INFO - Open successfully
2023-06-17 02:12:24 AM - INFO - Open successfully
2023-06-17 02:15:02 AM - INFO - No more add/connect buttons found. Exiting loop.
2023-06-17 02:18:06 AM - INFO - Open successfully
2023-06-17 02:18:44 AM - INFO - Open successfully
2023-06-17 02:21:17 AM - INFO - No more add/connect buttons found. Exiting loop.
2023-06-17 02:23:51 AM - INFO - Open successfully
2023-06-17 02:26:34 AM - INFO - No more add/connect buttons found. Exiting loop.
2023-06-17 02:29:54 AM - INFO - Open successfully
2023-06-17 02:32:34 AM - INFO - No more add/connect buttons found. Exiting loop.
2023-06-17 02:37:47 AM - INFO - Open successfully
2023-06-17 02:38:04 AM - INFO - Open successfully
2023-06-17 02:38:41 AM - INFO - Open successfully
2023-06-17 02:39:18 AM - INFO - Open successfully
2023-06-17 02:39:55 AM - INFO - Open successfully
2023-06-17 02:40:56 AM - INFO - Open successfully
2023-06-17 02:41:34 AM - INFO - Open successfully
2023-06-17 02:42:10 AM - INFO - Open successfully
2023-06-17 02:42:29 AM - INFO - Open successfully
2023-06-17 02:43:07 AM - INFO - Open successfully
2023-06-17 02:43:34 AM - INFO - Open successfully
2023-06-17 02:44:10 AM - INFO - Open successfully
2023-06-17 02:44:33 AM - INFO - Open successfully
2023-06-17 02:45:10 AM - INFO - Open successfully
2023-06-17 02:46:42 AM - INFO - Open successfully
2023-06-17 02:49:24 AM - INFO - No more add/connect buttons found. Exiting loop.
2023-06-17 02:51:50 AM - INFO - Open successfully
2023-06-17 02:52:10 AM - INFO - Open successfully
2023-06-17 02:56:28 AM - INFO - Open successfully
2023-06-17 02:57:17 AM - INFO - All buttons are message buttons. Exiting loop.
2023-06-17 02:57:55 AM - INFO - Open successfully
2023-06-17 03:00:35 AM - INFO - No more add/connect buttons found. Exiting loop.
2023-06-17 03:02:53 AM - INFO - Open successfully
2023-06-17 03:05:36 AM - INFO - Open successfully
2023-06-17 16:08:37 PM - INFO - Open successfully
2023-06-17 16:09:14 PM - INFO - Open successfully
2023-06-17 16:11:08 PM - INFO - No more add/connect buttons found. Exiting loop.
2023-06-17 16:34:52 PM - INFO - Open successfully
2023-06-17 16:35:04 PM - INFO - Open successfully
2023-06-17 16:35:18 PM - INFO - Open successfully
2023-06-17 16:36:48 PM - INFO - Open successfully
2023-06-17 16:37:16 PM - INFO - Open successfully
2023-06-17 16:38:11 PM - INFO - Open successfully
2023-06-17 16:47:32 PM - INFO - Open successfully
2023-06-17 16:55:16 PM - INFO - Open successfully
2023-06-17 16:55:36 PM - INFO - Open successfully
2023-06-17 16:57:36 PM - INFO - Open successfully
2023-06-17 16:58:13 PM - INFO - Open successfully
2023-06-18 00:33:49 AM - INFO - Open successfully
2023-06-18 00:34:11 AM - INFO - Open successfully
2023-06-18 00:34:42 AM - INFO - Open successfully
2023-06-18 00:35:24 AM - INFO - Open successfully
2023-06-18 00:44:14 AM - INFO - Open successfully
2023-06-18 00:44:32 AM - INFO - Open successfully
2023-06-18 00:44:56 AM - INFO - Open successfully
2023-06-18 01:03:43 AM - INFO - Open successfully
2023-06-18 01:05:17 AM - INFO - No more add/connect buttons found. Exiting loop.
2023-06-18 01:07:20 AM - INFO - Open successfully
2023-06-18 01:09:51 AM - INFO - Open successfully
2023-06-18 01:15:13 AM - INFO - Open successfully
2023-06-18 18:39:03 PM - INFO - Open successfully
2023-06-18 18:39:20 PM - INFO - Open successfully
2023-06-18 18:39:58 PM - INFO - Open successfully
2023-06-18 18:41:50 PM - INFO - Open successfully
2023-06-18 18:42:18 PM - INFO - Open successfully
2023-06-18 18:43:22 PM - INFO - Open successfully
2023-06-18 18:44:05 PM - INFO - Message
2023-06-18 18:46:20 PM - INFO - Open successfully
2023-06-18 18:47:31 PM - INFO - Open successfully
2023-06-18 18:49:11 PM - INFO - No more add/connect buttons found. Exiting loop.
2023-06-18 18:52:39 PM - INFO - Open successfully
2023-06-18 18:54:43 PM - INFO - No more add/connect buttons found. Exiting loop.
2023-06-18 18:58:06 PM - INFO - Open successfully
2023-06-18 18:59:00 PM - INFO - Open successfully
2023-06-18 18:59:19 PM - INFO - Open successfully
2023-06-18 19:03:17 PM - INFO - Open successfully
2023-06-18 19:04:58 PM - INFO - No more add/connect buttons found. Exiting loop.
2023-06-18 19:11:10 PM - INFO - Open successfully
2023-06-18 19:12:06 PM - INFO - Open successfully
2023-06-18 19:12:49 PM - INFO - Open successfully
2023-06-18 19:15:19 PM - INFO - No more add/connect buttons found. Exiting loop.
2023-06-18 19:17:16 PM - INFO - Open successfully
2023-06-18 19:19:11 PM - INFO - No more add/connect buttons found. Exiting loop.
2023-06-18 19:26:49 PM - INFO - Open successfully
2023-06-18 19:27:09 PM - INFO - Open successfully
2023-06-18 19:27:54 PM - INFO - [<selenium.webdriver.remote.webelement.WebElement (session="ba6810ff5a3e237db63f1bd3f2edc624", element="7F636C125BB24D25DF173921CA5A3ED6_element_71")>, <selenium.webdriver.remote.webelement.WebElement (session="ba6810ff5a3e237db63f1bd3f2edc624", element="7F636C125BB24D25DF173921CA5A3ED6_element_72")>, <selenium.webdriver.remote.webelement.WebElement (session="ba6810ff5a3e237db63f1bd3f2edc624", element="7F636C125BB24D25DF173921CA5A3ED6_element_73")>, <selenium.webdriver.remote.webelement.WebElement (session="ba6810ff5a3e237db63f1bd3f2edc624", element="7F636C125BB24D25DF173921CA5A3ED6_element_74")>, <selenium.webdriver.remote.webelement.WebElement (session="ba6810ff5a3e237db63f1bd3f2edc624", element="7F636C125BB24D25DF173921CA5A3ED6_element_75")>, <selenium.webdriver.remote.webelement.WebElement (session="ba6810ff5a3e237db63f1bd3f2edc624", element="7F636C125BB24D25DF173921CA5A3ED6_element_76")>, <selenium.webdriver.remote.webelement.WebElement (session="ba6810ff5a3e237db63f1bd3f2edc624", element="7F636C125BB24D25DF173921CA5A3ED6_element_77")>, <selenium.webdriver.remote.webelement.WebElement (session="ba6810ff5a3e237db63f1bd3f2edc624", element="7F636C125BB24D25DF173921CA5A3ED6_element_78")>, <selenium.webdriver.remote.webelement.WebElement (session="ba6810ff5a3e237db63f1bd3f2edc624", element="7F636C125BB24D25DF173921CA5A3ED6_element_79")>, <selenium.webdriver.remote.webelement.WebElement (session="ba6810ff5a3e237db63f1bd3f2edc624", element="7F636C125BB24D25DF173921CA5A3ED6_element_80")>]
2023-06-18 19:28:58 PM - INFO - No more add/connect buttons found. Exiting loop.
2023-06-18 19:42:26 PM - INFO - Open successfully
2023-06-18 19:43:18 PM - INFO - [<selenium.webdriver.remote.webelement.WebElement (session="a6ff4989876fcd72c170b798f3a74c3f", element="78128B67B36ED306B9477000604B8E08_element_70")>, <selenium.webdriver.remote.webelement.WebElement (session="a6ff4989876fcd72c170b798f3a74c3f", element="78128B67B36ED306B9477000604B8E08_element_71")>, <selenium.webdriver.remote.webelement.WebElement (session="a6ff4989876fcd72c170b798f3a74c3f", element="78128B67B36ED306B9477000604B8E08_element_72")>, <selenium.webdriver.remote.webelement.WebElement (session="a6ff4989876fcd72c170b798f3a74c3f", element="78128B67B36ED306B9477000604B8E08_element_73")>, <selenium.webdriver.remote.webelement.WebElement (session="a6ff4989876fcd72c170b798f3a74c3f", element="78128B67B36ED306B9477000604B8E08_element_74")>, <selenium.webdriver.remote.webelement.WebElement (session="a6ff4989876fcd72c170b798f3a74c3f", element="78128B67B36ED306B9477000604B8E08_element_75")>, <selenium.webdriver.remote.webelement.WebElement (session="a6ff4989876fcd72c170b798f3a74c3f", element="78128B67B36ED306B9477000604B8E08_element_76")>, <selenium.webdriver.remote.webelement.WebElement (session="a6ff4989876fcd72c170b798f3a74c3f", element="78128B67B36ED306B9477000604B8E08_element_77")>, <selenium.webdriver.remote.webelement.WebElement (session="a6ff4989876fcd72c170b798f3a74c3f", element="78128B67B36ED306B9477000604B8E08_element_78")>, <selenium.webdriver.remote.webelement.WebElement (session="a6ff4989876fcd72c170b798f3a74c3f", element="78128B67B36ED306B9477000604B8E08_element_79")>]
2023-06-18 19:44:22 PM - INFO - No more add/connect buttons found. Exiting loop.
2023-06-18 19:47:57 PM - INFO - Open successfully
2023-06-18 19:48:23 PM - INFO - Open successfully
2023-06-18 19:48:39 PM - INFO - Open successfully
2023-06-18 19:48:58 PM - INFO - Open successfully
2023-06-18 19:50:02 PM - INFO - [<selenium.webdriver.remote.webelement.WebElement (session="8771c076de68dcd5ccd1f5feeec332c1", element="CF2AC0D9145489F620E0F7681725A9E0_element_82")>, <selenium.webdriver.remote.webelement.WebElement (session="8771c076de68dcd5ccd1f5feeec332c1", element="CF2AC0D9145489F620E0F7681725A9E0_element_83")>, <selenium.webdriver.remote.webelement.WebElement (session="8771c076de68dcd5ccd1f5feeec332c1", element="CF2AC0D9145489F620E0F7681725A9E0_element_84")>, <selenium.webdriver.remote.webelement.WebElement (session="8771c076de68dcd5ccd1f5feeec332c1", element="CF2AC0D9145489F620E0F7681725A9E0_element_85")>, <selenium.webdriver.remote.webelement.WebElement (session="8771c076de68dcd5ccd1f5feeec332c1", element="CF2AC0D9145489F620E0F7681725A9E0_element_86")>, <selenium.webdriver.remote.webelement.WebElement (session="8771c076de68dcd5ccd1f5feeec332c1", element="CF2AC0D9145489F620E0F7681725A9E0_element_87")>, <selenium.webdriver.remote.webelement.WebElement (session="8771c076de68dcd5ccd1f5feeec332c1", element="CF2AC0D9145489F620E0F7681725A9E0_element_88")>, <selenium.webdriver.remote.webelement.WebElement (session="8771c076de68dcd5ccd1f5feeec332c1", element="CF2AC0D9145489F620E0F7681725A9E0_element_89")>, <selenium.webdriver.remote.webelement.WebElement (session="8771c076de68dcd5ccd1f5feeec332c1", element="CF2AC0D9145489F620E0F7681725A9E0_element_90")>, <selenium.webdriver.remote.webelement.WebElement (session="8771c076de68dcd5ccd1f5feeec332c1", element="CF2AC0D9145489F620E0F7681725A9E0_element_91")>]
2023-06-18 19:51:05 PM - INFO - No more add/connect buttons found. Exiting loop.
2023-06-18 19:57:03 PM - INFO - Open successfully
2023-06-18 19:58:02 PM - INFO - Open successfully
2023-06-18 19:59:40 PM - INFO - No more add/connect buttons found. Exiting loop.
2023-06-18 20:02:47 PM - INFO - Open successfully
2023-06-18 20:03:04 PM - INFO - Open successfully
2023-06-18 20:04:30 PM - INFO - Open successfully
2023-06-18 20:05:02 PM - INFO - Open successfully
2023-06-18 20:05:19 PM - INFO - Open successfully
2023-06-18 20:07:07 PM - INFO - Open successfully
2023-06-18 20:07:23 PM - INFO - Open successfully
2023-06-18 20:07:44 PM - INFO - Open successfully
2023-06-18 20:08:04 PM - INFO - Open successfully
2023-06-18 20:09:45 PM - INFO - Open successfully
2023-06-18 20:10:13 PM - INFO - Open successfully
2023-06-18 20:10:38 PM - INFO - Open successfully
2023-06-18 20:13:58 PM - INFO - Open successfully
2023-06-18 20:22:14 PM - INFO - Open successfully
2023-06-18 20:23:38 PM - INFO - Open successfully
2023-06-18 20:23:44 PM - WARNING - Retrying (Retry(total=2, connect=None, read=None, redirect=None, status=None)) after connection broken by 'ConnectionResetError(10054, 'An existing connection was forcibly closed by the remote host', None, 10054, None)': /session/2be1445077ef05f8a896db9d2c60dff4/screenshot
2023-06-18 20:23:48 PM - WARNING - Retrying (Retry(total=1, connect=None, read=None, redirect=None, status=None)) after connection broken by 'NewConnectionError('<urllib3.connection.HTTPConnection object at 0x000001F8F45A3710>: Failed to establish a new connection: [WinError 10061] No connection could be made because the target machine actively refused it')': /session/2be1445077ef05f8a896db9d2c60dff4/screenshot
2023-06-18 20:23:52 PM - WARNING - Retrying (Retry(total=0, connect=None, read=None, redirect=None, status=None)) after connection broken by 'NewConnectionError('<urllib3.connection.HTTPConnection object at 0x000001F8F45A00D0>: Failed to establish a new connection: [WinError 10061] No connection could be made because the target machine actively refused it')': /session/2be1445077ef05f8a896db9d2c60dff4/screenshot
2023-06-18 20:24:01 PM - WARNING - Retrying (Retry(total=2, connect=None, read=None, redirect=None, status=None)) after connection broken by 'NewConnectionError('<urllib3.connection.HTTPConnection object at 0x000001F8F45A3810>: Failed to establish a new connection: [WinError 10061] No connection could be made because the target machine actively refused it')': /session/2be1445077ef05f8a896db9d2c60dff4
2023-06-18 20:24:05 PM - WARNING - Retrying (Retry(total=1, connect=None, read=None, redirect=None, status=None)) after connection broken by 'NewConnectionError('<urllib3.connection.HTTPConnection object at 0x000001F8F459F010>: Failed to establish a new connection: [WinError 10061] No connection could be made because the target machine actively refused it')': /session/2be1445077ef05f8a896db9d2c60dff4
2023-06-18 20:24:09 PM - WARNING - Retrying (Retry(total=0, connect=None, read=None, redirect=None, status=None)) after connection broken by 'NewConnectionError('<urllib3.connection.HTTPConnection object at 0x000001F8F459E650>: Failed to establish a new connection: [WinError 10061] No connection could be made because the target machine actively refused it')': /session/2be1445077ef05f8a896db9d2c60dff4
2023-06-18 20:24:27 PM - INFO - Open successfully
2023-06-18 20:25:24 PM - INFO - Open successfully
2023-06-18 20:25:46 PM - INFO - Open successfully
2023-06-18 20:37:30 PM - INFO - Open successfully
2023-06-18 20:38:07 PM - INFO - Open successfully
2023-06-18 20:39:56 PM - INFO - No more add/connect buttons found. Exiting loop.
2023-06-18 20:42:11 PM - INFO - Open successfully
2023-06-18 20:42:35 PM - INFO - Open successfully
2023-06-18 20:49:10 PM - INFO - Open successfully
2023-06-18 20:50:59 PM - INFO - No more add/connect buttons found. Exiting loop.
2023-06-18 20:59:32 PM - INFO - Open successfully
2023-06-18 21:00:13 PM - INFO - Open successfully
2023-06-18 21:01:20 PM - INFO - All message buttons found. Exiting loop.
2023-06-18 21:05:29 PM - INFO - Open successfully
2023-06-18 21:06:19 PM - INFO - Open successfully
2023-06-18 22:04:54 PM - INFO - Open successfully
2023-06-18 22:06:38 PM - INFO - Open successfully
2023-06-18 22:07:31 PM - INFO - Open successfully
2023-06-18 22:07:50 PM - INFO - Open successfully
2023-06-18 22:10:21 PM - INFO - No more add/connect buttons found. Exiting loop.
2023-06-18 22:21:21 PM - INFO - Open successfully
2023-06-18 22:21:38 PM - INFO - Open successfully
2023-06-18 22:21:57 PM - INFO - Open successfully
2023-06-18 22:24:03 PM - INFO - Open successfully
2023-06-18 22:25:58 PM - INFO - No more add/connect buttons found. Exiting loop.
2023-06-18 22:26:23 PM - INFO - Open successfully
2023-06-18 22:36:54 PM - INFO - Open successfully
2023-06-18 22:38:36 PM - INFO - No more add/connect buttons found. Exiting loop.
2023-06-18 22:41:17 PM - INFO - Open successfully
2023-06-18 22:43:11 PM - INFO - Element click intercepted. Trying JavaScript click.
2023-06-18 22:43:16 PM - INFO - Element click intercepted. Trying JavaScript click.
2023-06-18 22:43:20 PM - INFO - Element click intercepted. Trying JavaScript click.
2023-06-18 22:44:23 PM - INFO - Open successfully
2023-06-18 22:46:55 PM - INFO - Open successfully
2023-06-18 22:47:40 PM - INFO - Element click intercepted. Trying JavaScript click.
2023-06-18 22:47:44 PM - INFO - Element click intercepted. Trying JavaScript click.
2023-06-18 22:47:48 PM - INFO - Element click intercepted. Trying JavaScript click.
2023-06-18 22:48:23 PM - INFO - Open successfully
2023-06-18 22:50:34 PM - INFO - Element click intercepted. Trying JavaScript click.
2023-06-18 22:50:38 PM - INFO - Element click intercepted. Trying JavaScript click.
2023-06-18 22:50:42 PM - INFO - Element click intercepted. Trying JavaScript click.
2023-06-18 22:50:46 PM - INFO - Element click intercepted. Trying JavaScript click.
2023-06-18 22:52:55 PM - INFO - Open successfully
2023-06-18 23:08:18 PM - INFO - Open successfully
2023-06-18 23:09:01 PM - INFO - Open successfully
2023-06-18 23:09:37 PM - INFO - Open successfully
2023-06-18 23:10:16 PM - INFO - Open successfully
2023-06-18 23:12:04 PM - INFO - No more add/connect buttons found. Exiting loop.
2023-06-18 23:13:52 PM - INFO - Open successfully
2023-06-18 23:15:35 PM - INFO - No more add/connect buttons found. Exiting loop.
2023-06-18 23:18:02 PM - INFO - Open successfully
2023-06-18 23:22:02 PM - INFO - Open successfully
2023-06-18 23:22:21 PM - INFO - Open successfully
2023-06-18 23:22:38 PM - INFO - Open successfully
2023-06-18 23:26:35 PM - INFO - Open successfully
2023-06-18 23:26:56 PM - INFO - Open successfully
2023-06-18 23:27:26 PM - INFO - Open successfully
2023-06-18 23:29:06 PM - INFO - No more add/connect buttons found. Exiting loop.
2023-06-18 23:31:04 PM - INFO - Open successfully
2023-06-18 23:31:24 PM - INFO - Open successfully
2023-06-18 23:33:00 PM - INFO - No more add/connect buttons found. Exiting loop.
2023-06-18 23:36:38 PM - INFO - Open successfully
2023-06-18 23:39:21 PM - INFO - Open successfully
2023-06-18 23:39:39 PM - INFO - Open successfully
2023-06-18 23:42:39 PM - INFO - Open successfully
2023-06-18 23:43:00 PM - INFO - Open successfully
2023-06-18 23:43:18 PM - INFO - Open successfully
2023-06-18 23:43:41 PM - INFO - Open successfully
2023-06-18 23:45:17 PM - INFO - No more add/connect buttons found. Exiting loop.
2023-06-18 23:46:41 PM - INFO - Open successfully
2023-06-18 23:46:58 PM - INFO - Open successfully
2023-06-18 23:47:21 PM - INFO - Open successfully
2023-06-18 23:47:49 PM - INFO - Open successfully
2023-06-18 23:49:21 PM - INFO - Open successfully
2023-06-18 23:49:40 PM - INFO - Open successfully
2023-06-18 23:58:10 PM - INFO - Open successfully
2023-06-18 23:58:32 PM - INFO - Open successfully
2023-06-19 00:00:06 AM - INFO - No more add/connect buttons found. Exiting loop.
2023-06-19 00:04:31 AM - INFO - Open successfully
2023-06-19 00:06:11 AM - INFO - No more add/connect buttons found. Exiting loop.
2023-06-19 00:11:52 AM - INFO - Open successfully
2023-06-19 00:13:36 AM - INFO - No more add/connect buttons found. Exiting loop.
2023-06-19 00:19:59 AM - INFO - Open successfully
2023-06-19 00:20:21 AM - INFO - Open successfully
2023-06-19 00:20:39 AM - INFO - Open successfully
2023-06-19 00:22:18 AM - INFO - No more add/connect buttons found. Exiting loop.
2023-06-19 00:22:52 AM - INFO - Open successfully
2023-06-19 00:29:22 AM - INFO - Open successfully
2023-06-19 00:29:50 AM - INFO - Open successfully
2023-06-19 00:29:50 AM - INFO - Open successfully
2023-06-19 00:30:17 AM - INFO - Open successfully
2023-06-19 00:30:49 AM - INFO - Open successfully
2023-06-19 00:30:49 AM - INFO - Open successfully
2023-06-19 00:31:05 AM - INFO - That’s not the right password. Forgot password?
2023-06-19 00:31:05 AM - INFO - That’s not the right password. Forgot password?
2023-06-19 00:32:01 AM - INFO - Open successfully
2023-06-19 00:33:37 AM - INFO - No more add/connect buttons found. Exiting loop.
2023-06-19 00:35:12 AM - INFO - Open successfully
2023-06-19 00:36:55 AM - INFO - No more add/connect buttons found. Exiting loop.
2023-06-19 01:12:42 AM - INFO - Open successfully
2023-06-19 01:13:53 AM - INFO - Open successfully
2023-06-19 01:15:25 AM - INFO - No more add/connect buttons found. Exiting loop.
2023-06-19 01:19:47 AM - INFO - Open successfully
2023-06-19 01:20:18 AM - INFO - Open successfully
2023-06-19 01:22:27 AM - INFO - Open successfully
2023-06-19 01:22:34 AM - WARNING - Retrying (Retry(total=2, connect=None, read=None, redirect=None, status=None)) after connection broken by 'ConnectionResetError(10054, 'An existing connection was forcibly closed by the remote host', None, 10054, None)': /session/d8f31f988d2eaa9dd55a8e40b9846eca/screenshot
2023-06-19 01:22:38 AM - WARNING - Retrying (Retry(total=1, connect=None, read=None, redirect=None, status=None)) after connection broken by 'NewConnectionError('<urllib3.connection.HTTPConnection object at 0x00000279DD283750>: Failed to establish a new connection: [WinError 10061] No connection could be made because the target machine actively refused it')': /session/d8f31f988d2eaa9dd55a8e40b9846eca/screenshot
2023-06-19 01:22:42 AM - WARNING - Retrying (Retry(total=0, connect=None, read=None, redirect=None, status=None)) after connection broken by 'NewConnectionError('<urllib3.connection.HTTPConnection object at 0x00000279DD2800D0>: Failed to establish a new connection: [WinError 10061] No connection could be made because the target machine actively refused it')': /session/d8f31f988d2eaa9dd55a8e40b9846eca/screenshot
2023-06-19 01:22:50 AM - WARNING - Retrying (Retry(total=2, connect=None, read=None, redirect=None, status=None)) after connection broken by 'NewConnectionError('<urllib3.connection.HTTPConnection object at 0x00000279DD283A50>: Failed to establish a new connection: [WinError 10061] No connection could be made because the target machine actively refused it')': /session/d8f31f988d2eaa9dd55a8e40b9846eca
2023-06-19 01:22:54 AM - WARNING - Retrying (Retry(total=1, connect=None, read=None, redirect=None, status=None)) after connection broken by 'NewConnectionError('<urllib3.connection.HTTPConnection object at 0x00000279DD27F110>: Failed to establish a new connection: [WinError 10061] No connection could be made because the target machine actively refused it')': /session/d8f31f988d2eaa9dd55a8e40b9846eca
2023-06-19 01:22:58 AM - WARNING - Retrying (Retry(total=0, connect=None, read=None, redirect=None, status=None)) after connection broken by 'NewConnectionError('<urllib3.connection.HTTPConnection object at 0x00000279DD27FDD0>: Failed to establish a new connection: [WinError 10061] No connection could be made because the target machine actively refused it')': /session/d8f31f988d2eaa9dd55a8e40b9846eca
2023-06-19 01:23:26 AM - INFO - Open successfully
2023-06-19 01:34:20 AM - INFO - Open successfully
2023-06-19 01:36:00 AM - INFO - No more add/connect buttons found. Exiting loop.
2023-06-19 01:36:53 AM - INFO - Open successfully
2023-06-19 01:37:10 AM - INFO - Open successfully
2023-06-19 01:37:28 AM - INFO - Open successfully
2023-06-19 01:42:31 AM - INFO - Open successfully
2023-06-19 01:48:09 AM - INFO - Open successfully
2023-06-19 01:48:27 AM - INFO - Open successfully
2023-06-19 01:49:07 AM - INFO - Open successfully
2023-06-19 01:56:17 AM - INFO - Open successfully
2023-06-19 01:57:39 AM - INFO - Open successfully
2023-06-19 02:00:52 AM - INFO - Open successfully
2023-06-19 02:01:09 AM - INFO - Open successfully
2023-06-19 02:01:25 AM - INFO - Open successfully
2023-06-19 02:11:40 AM - INFO - Open successfully
2023-06-19 02:20:12 AM - INFO - Open successfully
2023-06-19 02:27:37 AM - INFO - Open successfully
2023-06-19 02:35:58 AM - INFO - Open successfully
2023-06-19 02:36:16 AM - INFO - Open successfully
2023-06-19 02:36:33 AM - INFO - Open successfully
2023-06-19 02:49:24 AM - INFO - Open successfully
2023-06-19 02:49:42 AM - INFO - Open successfully
2023-06-19 02:52:11 AM - INFO - Open successfully
2023-06-19 03:04:27 AM - INFO - Open successfully
2023-06-19 03:04:43 AM - INFO - Open successfully
2023-06-19 03:05:09 AM - INFO - Open successfully
2023-06-19 03:05:46 AM - INFO - Open successfully
2023-06-19 03:10:02 AM - INFO - Open successfully
2023-06-19 03:10:17 AM - INFO - Open successfully
2023-06-19 03:10:39 AM - INFO - Open successfully
2023-06-19 03:11:00 AM - INFO - Open successfully
2023-06-19 03:18:53 AM - INFO - Open successfully
2023-06-19 03:19:20 AM - INFO - Open successfully
2023-06-19 03:19:36 AM - INFO - Open successfully
2023-06-19 03:20:11 AM - INFO - Open successfully
2023-06-19 03:20:30 AM - INFO - Open successfully
2023-06-19 03:20:48 AM - INFO - Open successfully
2023-06-19 03:21:07 AM - INFO - Open successfully
2023-06-19 03:28:54 AM - INFO - Open successfully
2023-06-19 03:31:53 AM - INFO - Open successfully
2023-06-19 03:35:36 AM - INFO - Open successfully
2023-06-19 03:38:03 AM - INFO - Open successfully
2023-06-19 03:41:57 AM - INFO - Open successfully
2023-06-19 03:42:13 AM - INFO - Open successfully
2023-06-19 03:42:30 AM - INFO - Open successfully
2023-06-19 03:45:24 AM - INFO - Open successfully
2023-06-19 03:53:41 AM - INFO - Open successfully
2023-06-19 03:54:30 AM - INFO - Open successfully
2023-06-19 04:00:29 AM - INFO - Open successfully
2023-06-19 04:00:49 AM - INFO - Open successfully
2023-06-19 04:11:02 AM - INFO - Open successfully
2023-06-19 04:11:19 AM - INFO - Open successfully
2023-06-19 04:11:37 AM - INFO - Open successfully
2023-06-19 04:21:54 AM - INFO - Open successfully
2023-06-19 04:23:37 AM - INFO - Open successfully
2023-06-19 04:30:07 AM - INFO - Open successfully
2023-06-19 04:30:27 AM - INFO - Open successfully
2023-06-19 04:31:21 AM - INFO - Open successfully
2023-06-19 04:32:01 AM - INFO - Open successfully
2023-06-19 04:32:30 AM - INFO - Open successfully
